# JRE version: Java(TM) SE Runtime Environment (8.0_144-b01) (build 1.8.0_144-b01)
# Java VM: Java HotSpot(TM) 64-Bit Server VM (25.144-b01 mixed mode windows-amd64 compressed oops)
Heap:
 PSYoungGen      total 931840K, used 334009K [0x000000076ab00000, 0x00000007c0000000, 0x00000007c0000000)
  eden space 465920K, 0% used [0x000000076ab00000,0x000000076ab00000,0x0000000787200000)
  from space 465920K, 71% used [0x0000000787200000,0x000000079b82e628,0x00000007a3900000)
  to   space 465920K, 0% used [0x00000007a3900000,0x00000007a3900000,0x00000007c0000000)
 ParOldGen       total 945664K, used 842977K [0x00000006c0000000, 0x00000006f9b80000, 0x000000076ab00000)
  object space 945664K, 89% used [0x00000006c0000000,0x00000006f37385b8,0x00000006f9b80000)
 Metaspace       used 6865K, capacity 7416K, committed 7680K, reserved 1056768K
  class space    used 650K, capacity 688K, committed 768K, reserved 1048576K
GC Heap History (10 events):
Event: 27.094 GC heap after
Heap after GC invocations=23 (full 4):
 PSYoungGen      total 1076736K, used 281763K [0x000000076ab00000, 0x00000007c0000000, 0x00000007c0000000)
  eden space 794624K, 0% used [0x000000076ab00000,0x000000076ab00000,0x000000079b300000)
  from space 282112K, 99% used [0x000000079b300000,0x00000007ac628c10,0x00000007ac680000)
  to   space 321024K, 0% used [0x00000007ac680000,0x00000007ac680000,0x00000007c0000000)
 ParOldGen       total 945664K, used 641681K [0x00000006c0000000, 0x00000006f9b80000, 0x000000076ab00000)
  object space 945664K, 67% used [0x00000006c0000000,0x00000006e72a4700,0x00000006f9b80000)
 Metaspace       used 6727K, capacity 7320K, committed 7680K, reserved 1056768K
  class space    used 643K, capacity 656K, committed 768K, reserved 1048576K
}
Event: 27.985 GC heap before
{Heap before GC invocations=24 (full 4):
 PSYoungGen      total 1076736K, used 1076387K [0x000000076ab00000, 0x00000007c0000000, 0x00000007c0000000)
  eden space 794624K, 100% used [0x000000076ab00000,0x000000079b300000,0x000000079b300000)
  from space 282112K, 99% used [0x000000079b300000,0x00000007ac628c10,0x00000007ac680000)
  to   space 321024K, 0% used [0x00000007ac680000,0x00000007ac680000,0x00000007c0000000)
 ParOldGen       total 945664K, used 641681K [0x00000006c0000000, 0x00000006f9b80000, 0x000000076ab00000)
  object space 945664K, 67% used [0x00000006c0000000,0x00000006e72a4700,0x00000006f9b80000)
 Metaspace       used 6727K, capacity 7320K, committed 7680K, reserved 1056768K
  class space    used 643K, capacity 656K, committed 768K, reserved 1048576K
Event: 28.247 GC heap after
Heap after GC invocations=24 (full 4):
 PSYoungGen      total 955904K, used 313417K [0x000000076ab00000, 0x00000007c0000000, 0x00000007c0000000)
  eden space 634880K, 0% used [0x000000076ab00000,0x000000076ab00000,0x0000000791700000)
  from space 321024K, 97% used [0x00000007ac680000,0x00000007bf892790,0x00000007c0000000)
  to   space 381440K, 0% used [0x0000000791700000,0x0000000791700000,0x00000007a8b80000)
 ParOldGen       total 945664K, used 641681K [0x00000006c0000000, 0x00000006f9b80000, 0x000000076ab00000)
  object space 945664K, 67% used [0x00000006c0000000,0x00000006e72a4700,0x00000006f9b80000)
 Metaspace       used 6727K, capacity 7320K, committed 7680K, reserved 1056768K
  class space    used 643K, capacity 656K, committed 768K, reserved 1048576K
}
Event: 29.496 GC heap before
{Heap before GC invocations=25 (full 4):
 PSYoungGen      total 955904K, used 948297K [0x000000076ab00000, 0x00000007c0000000, 0x00000007c0000000)
  eden space 634880K, 100% used [0x000000076ab00000,0x0000000791700000,0x0000000791700000)
  from space 321024K, 97% used [0x00000007ac680000,0x00000007bf892790,0x00000007c0000000)
  to   space 381440K, 0% used [0x0000000791700000,0x0000000791700000,0x00000007a8b80000)
 ParOldGen       total 945664K, used 641681K [0x00000006c0000000, 0x00000006f9b80000, 0x000000076ab00000)
  object space 945664K, 67% used [0x00000006c0000000,0x00000006e72a4700,0x00000006f9b80000)
 Metaspace       used 6727K, capacity 7320K, committed 7680K, reserved 1056768K
  class space    used 643K, capacity 656K, committed 768K, reserved 1048576K
Event: 29.788 GC heap after
Heap after GC invocations=25 (full 4):
 PSYoungGen      total 999936K, used 364639K [0x000000076ab00000, 0x00000007c0000000, 0x00000007c0000000)
  eden space 634880K, 0% used [0x000000076ab00000,0x000000076ab00000,0x0000000791700000)
  from space 365056K, 99% used [0x0000000791700000,0x00000007a7b17f10,0x00000007a7b80000)
  to   space 397824K, 0% used [0x00000007a7b80000,0x00000007a7b80000,0x00000007c0000000)
 ParOldGen       total 945664K, used 641681K [0x00000006c0000000, 0x00000006f9b80000, 0x000000076ab00000)
  object space 945664K, 67% used [0x00000006c0000000,0x00000006e72a4700,0x00000006f9b80000)
 Metaspace       used 6727K, capacity 7320K, committed 7680K, reserved 1056768K
  class space    used 643K, capacity 656K, committed 768K, reserved 1048576K
}
Event: 31.109 GC heap before
{Heap before GC invocations=26 (full 4):
 PSYoungGen      total 999936K, used 999519K [0x000000076ab00000, 0x00000007c0000000, 0x00000007c0000000)
  eden space 634880K, 100% used [0x000000076ab00000,0x0000000791700000,0x0000000791700000)
  from space 365056K, 99% used [0x0000000791700000,0x00000007a7b17f10,0x00000007a7b80000)
  to   space 397824K, 0% used [0x00000007a7b80000,0x00000007a7b80000,0x00000007c0000000)
 ParOldGen       total 945664K, used 641681K [0x00000006c0000000, 0x00000006f9b80000, 0x000000076ab00000)
  object space 945664K, 67% used [0x00000006c0000000,0x00000006e72a4700,0x00000006f9b80000)
 Metaspace       used 6844K, capacity 7416K, committed 7680K, reserved 1056768K
  class space    used 650K, capacity 688K, committed 768K, reserved 1048576K
Event: 31.524 GC heap after
Heap after GC invocations=26 (full 4):
 PSYoungGen      total 863744K, used 397811K [0x000000076ab00000, 0x00000007c0000000, 0x00000007c0000000)
  eden space 465920K, 0% used [0x000000076ab00000,0x000000076ab00000,0x0000000787200000)
  from space 397824K, 99% used [0x00000007a7b80000,0x00000007bfffce60,0x00000007c0000000)
  to   space 465920K, 0% used [0x0000000787200000,0x0000000787200000,0x00000007a3900000)
 ParOldGen       total 945664K, used 701589K [0x00000006c0000000, 0x00000006f9b80000, 0x000000076ab00000)
  object space 945664K, 74% used [0x00000006c0000000,0x00000006ead255d0,0x00000006f9b80000)
 Metaspace       used 6844K, capacity 7416K, committed 7680K, reserved 1056768K
  class space    used 650K, capacity 688K, committed 768K, reserved 1048576K
}
Event: 32.156 GC heap before
{Heap before GC invocations=27 (full 4):
 PSYoungGen      total 863744K, used 863731K [0x000000076ab00000, 0x00000007c0000000, 0x00000007c0000000)
  eden space 465920K, 100% used [0x000000076ab00000,0x0000000787200000,0x0000000787200000)
  from space 397824K, 99% used [0x00000007a7b80000,0x00000007bfffce60,0x00000007c0000000)
  to   space 465920K, 0% used [0x0000000787200000,0x0000000787200000,0x00000007a3900000)
 ParOldGen       total 945664K, used 701589K [0x00000006c0000000, 0x00000006f9b80000, 0x000000076ab00000)
  object space 945664K, 74% used [0x00000006c0000000,0x00000006ead255d0,0x00000006f9b80000)
 Metaspace       used 6865K, capacity 7416K, committed 7680K, reserved 1056768K
  class space    used 650K, capacity 688K, committed 768K, reserved 1048576K
Event: 32.552 GC heap after
Heap after GC invocations=27 (full 4):
 PSYoungGen      total 931840K, used 334009K [0x000000076ab00000, 0x00000007c0000000, 0x00000007c0000000)
  eden space 465920K, 0% used [0x000000076ab00000,0x000000076ab00000,0x0000000787200000)
  from space 465920K, 71% used [0x0000000787200000,0x000000079b82e628,0x00000007a3900000)
  to   space 465920K, 0% used [0x00000007a3900000,0x00000007a3900000,0x00000007c0000000)
 ParOldGen       total 945664K, used 842977K [0x00000006c0000000, 0x00000006f9b80000, 0x000000076ab00000)
  object space 945664K, 89% used [0x00000006c0000000,0x00000006f37385b8,0x00000006f9b80000)
 Metaspace       used 6865K, capacity 7416K, committed 7680K, reserved 1056768K
  class space    used 650K, capacity 688K, committed 768K, reserved 1048576K
}
Event: 32.552 GC heap before
{Heap before GC invocations=28 (full 5):
 PSYoungGen      total 931840K, used 334009K [0x000000076ab00000, 0x00000007c0000000, 0x00000007c0000000)
  eden space 465920K, 0% used [0x000000076ab00000,0x000000076ab00000,0x0000000787200000)
  from space 465920K, 71% used [0x0000000787200000,0x000000079b82e628,0x00000007a3900000)
  to   space 465920K, 0% used [0x00000007a3900000,0x00000007a3900000,0x00000007c0000000)
 ParOldGen       total 945664K, used 842977K [0x00000006c0000000, 0x00000006f9b80000, 0x000000076ab00000)
  object space 945664K, 89% used [0x00000006c0000000,0x00000006f37385b8,0x00000006f9b80000)
 Metaspace       used 6865K, capacity 7416K, committed 7680K, reserved 1056768K
  class space    used 650K, capacity 688K, committed 768K, reserved 1048576K

