# JRE version: Java(TM) SE Runtime Environment (8.0_144-b01) (build 1.8.0_144-b01)
# Java VM: Java HotSpot(TM) 64-Bit Server VM (25.144-b01 mixed mode windows-amd64 compressed oops)
Heap:
 PSYoungGen      total 633344K, used 57652K [0x000000076ab00000, 0x000000079da00000, 0x00000007c0000000)
  eden space 519680K, 0% used [0x000000076ab00000,0x000000076ab00000,0x000000078a680000)
  from space 113664K, 50% used [0x000000078a680000,0x000000078decd0d8,0x0000000791580000)
  to   space 111104K, 0% used [0x0000000796d80000,0x0000000796d80000,0x000000079da00000)
 ParOldGen       total 354304K, used 353806K [0x00000006c0000000, 0x00000006d5a00000, 0x000000076ab00000)
  object space 354304K, 99% used [0x00000006c0000000,0x00000006d59839c0,0x00000006d5a00000)
 Metaspace       used 6732K, capacity 7320K, committed 7680K, reserved 1056768K
  class space    used 642K, capacity 656K, committed 768K, reserved 1048576K
GC Heap History (10 events):
Event: 8.306 GC heap after
Heap after GC invocations=11 (full 2):
 PSYoungGen      total 493056K, used 14805K [0x000000076ab00000, 0x000000078f800000, 0x00000007c0000000)
  eden space 436224K, 0% used [0x000000076ab00000,0x000000076ab00000,0x0000000785500000)
  from space 56832K, 26% used [0x0000000789b00000,0x000000078a9755f0,0x000000078d280000)
  to   space 38400K, 0% used [0x000000078d280000,0x000000078d280000,0x000000078f800000)
 ParOldGen       total 309760K, used 172464K [0x00000006c0000000, 0x00000006d2e80000, 0x000000076ab00000)
  object space 309760K, 55% used [0x00000006c0000000,0x00000006ca86c030,0x00000006d2e80000)
 Metaspace       used 6702K, capacity 7320K, committed 7680K, reserved 1056768K
  class space    used 641K, capacity 656K, committed 768K, reserved 1048576K
}
Event: 9.751 GC heap before
{Heap before GC invocations=12 (full 2):
 PSYoungGen      total 493056K, used 451029K [0x000000076ab00000, 0x000000078f800000, 0x00000007c0000000)
  eden space 436224K, 100% used [0x000000076ab00000,0x0000000785500000,0x0000000785500000)
  from space 56832K, 26% used [0x0000000789b00000,0x000000078a9755f0,0x000000078d280000)
  to   space 38400K, 0% used [0x000000078d280000,0x000000078d280000,0x000000078f800000)
 ParOldGen       total 309760K, used 172464K [0x00000006c0000000, 0x00000006d2e80000, 0x000000076ab00000)
  object space 309760K, 55% used [0x00000006c0000000,0x00000006ca86c030,0x00000006d2e80000)
 Metaspace       used 6718K, capacity 7320K, committed 7680K, reserved 1056768K
  class space    used 642K, capacity 656K, committed 768K, reserved 1048576K
Event: 9.895 GC heap after
Heap after GC invocations=12 (full 2):
 PSYoungGen      total 508416K, used 38383K [0x000000076ab00000, 0x0000000794b80000, 0x00000007c0000000)
  eden space 470016K, 0% used [0x000000076ab00000,0x000000076ab00000,0x0000000787600000)
  from space 38400K, 99% used [0x000000078d280000,0x000000078f7fbd30,0x000000078f800000)
  to   space 94720K, 0% used [0x0000000787600000,0x0000000787600000,0x000000078d280000)
 ParOldGen       total 309760K, used 211937K [0x00000006c0000000, 0x00000006d2e80000, 0x000000076ab00000)
  object space 309760K, 68% used [0x00000006c0000000,0x00000006ccef8500,0x00000006d2e80000)
 Metaspace       used 6718K, capacity 7320K, committed 7680K, reserved 1056768K
  class space    used 642K, capacity 656K, committed 768K, reserved 1048576K
}
Event: 11.059 GC heap before
{Heap before GC invocations=13 (full 2):
 PSYoungGen      total 508416K, used 508399K [0x000000076ab00000, 0x0000000794b80000, 0x00000007c0000000)
  eden space 470016K, 100% used [0x000000076ab00000,0x0000000787600000,0x0000000787600000)
  from space 38400K, 99% used [0x000000078d280000,0x000000078f7fbd30,0x000000078f800000)
  to   space 94720K, 0% used [0x0000000787600000,0x0000000787600000,0x000000078d280000)
 ParOldGen       total 309760K, used 211937K [0x00000006c0000000, 0x00000006d2e80000, 0x000000076ab00000)
  object space 309760K, 68% used [0x00000006c0000000,0x00000006ccef8500,0x00000006d2e80000)
 Metaspace       used 6721K, capacity 7320K, committed 7680K, reserved 1056768K
  class space    used 642K, capacity 656K, committed 768K, reserved 1048576K
Event: 11.163 GC heap after
Heap after GC invocations=13 (full 2):
 PSYoungGen      total 564736K, used 55702K [0x000000076ab00000, 0x0000000797300000, 0x00000007c0000000)
  eden space 470016K, 0% used [0x000000076ab00000,0x000000076ab00000,0x0000000787600000)
  from space 94720K, 58% used [0x0000000787600000,0x000000078ac65978,0x000000078d280000)
  to   space 95744K, 0% used [0x0000000791580000,0x0000000791580000,0x0000000797300000)
 ParOldGen       total 309760K, used 250235K [0x00000006c0000000, 0x00000006d2e80000, 0x000000076ab00000)
  object space 309760K, 80% used [0x00000006c0000000,0x00000006cf45eea0,0x00000006d2e80000)
 Metaspace       used 6721K, capacity 7320K, committed 7680K, reserved 1056768K
  class space    used 642K, capacity 656K, committed 768K, reserved 1048576K
}
Event: 12.238 GC heap before
{Heap before GC invocations=14 (full 2):
 PSYoungGen      total 564736K, used 525718K [0x000000076ab00000, 0x0000000797300000, 0x00000007c0000000)
  eden space 470016K, 100% used [0x000000076ab00000,0x0000000787600000,0x0000000787600000)
  from space 94720K, 58% used [0x0000000787600000,0x000000078ac65978,0x000000078d280000)
  to   space 95744K, 0% used [0x0000000791580000,0x0000000791580000,0x0000000797300000)
 ParOldGen       total 309760K, used 250235K [0x00000006c0000000, 0x00000006d2e80000, 0x000000076ab00000)
  object space 309760K, 80% used [0x00000006c0000000,0x00000006cf45eea0,0x00000006d2e80000)
 Metaspace       used 6726K, capacity 7320K, committed 7680K, reserved 1056768K
  class space    used 642K, capacity 656K, committed 768K, reserved 1048576K
Event: 12.325 GC heap after
Heap after GC invocations=14 (full 2):
 PSYoungGen      total 615424K, used 95733K [0x000000076ab00000, 0x0000000799480000, 0x00000007c0000000)
  eden space 519680K, 0% used [0x000000076ab00000,0x000000076ab00000,0x000000078a680000)
  from space 95744K, 99% used [0x0000000791580000,0x00000007972fd5c8,0x0000000797300000)
  to   space 113664K, 0% used [0x000000078a680000,0x000000078a680000,0x0000000791580000)
 ParOldGen       total 309760K, used 258349K [0x00000006c0000000, 0x00000006d2e80000, 0x000000076ab00000)
  object space 309760K, 83% used [0x00000006c0000000,0x00000006cfc4b420,0x00000006d2e80000)
 Metaspace       used 6726K, capacity 7320K, committed 7680K, reserved 1056768K
  class space    used 642K, capacity 656K, committed 768K, reserved 1048576K
}
Event: 12.990 GC heap before
{Heap before GC invocations=15 (full 2):
 PSYoungGen      total 615424K, used 615413K [0x000000076ab00000, 0x0000000799480000, 0x00000007c0000000)
  eden space 519680K, 100% used [0x000000076ab00000,0x000000078a680000,0x000000078a680000)
  from space 95744K, 99% used [0x0000000791580000,0x00000007972fd5c8,0x0000000797300000)
  to   space 113664K, 0% used [0x000000078a680000,0x000000078a680000,0x0000000791580000)
 ParOldGen       total 309760K, used 258349K [0x00000006c0000000, 0x00000006d2e80000, 0x000000076ab00000)
  object space 309760K, 83% used [0x00000006c0000000,0x00000006cfc4b420,0x00000006d2e80000)
 Metaspace       used 6732K, capacity 7320K, committed 7680K, reserved 1056768K
  class space    used 642K, capacity 656K, committed 768K, reserved 1048576K
Event: 13.157 GC heap after
Heap after GC invocations=15 (full 2):
 PSYoungGen      total 633344K, used 57652K [0x000000076ab00000, 0x000000079da00000, 0x00000007c0000000)
  eden space 519680K, 0% used [0x000000076ab00000,0x000000076ab00000,0x000000078a680000)
  from space 113664K, 50% used [0x000000078a680000,0x000000078decd0d8,0x0000000791580000)
  to   space 111104K, 0% used [0x0000000796d80000,0x0000000796d80000,0x000000079da00000)
 ParOldGen       total 354304K, used 353806K [0x00000006c0000000, 0x00000006d5a00000, 0x000000076ab00000)
  object space 354304K, 99% used [0x00000006c0000000,0x00000006d59839c0,0x00000006d5a00000)
 Metaspace       used 6732K, capacity 7320K, committed 7680K, reserved 1056768K
  class space    used 642K, capacity 656K, committed 768K, reserved 1048576K
}
Event: 13.157 GC heap before
{Heap before GC invocations=16 (full 3):
 PSYoungGen      total 633344K, used 57652K [0x000000076ab00000, 0x000000079da00000, 0x00000007c0000000)
  eden space 519680K, 0% used [0x000000076ab00000,0x000000076ab00000,0x000000078a680000)
  from space 113664K, 50% used [0x000000078a680000,0x000000078decd0d8,0x0000000791580000)
  to   space 111104K, 0% used [0x0000000796d80000,0x0000000796d80000,0x000000079da00000)
 ParOldGen       total 354304K, used 353806K [0x00000006c0000000, 0x00000006d5a00000, 0x000000076ab00000)
  object space 354304K, 99% used [0x00000006c0000000,0x00000006d59839c0,0x00000006d5a00000)
 Metaspace       used 6732K, capacity 7320K, committed 7680K, reserved 1056768K
  class space    used 642K, capacity 656K, committed 768K, reserved 1048576K

