# JRE version: Java(TM) SE Runtime Environment (8.0_144-b01) (build 1.8.0_144-b01)
# Java VM: Java HotSpot(TM) 64-Bit Server VM (25.144-b01 mixed mode windows-amd64 compressed oops)
Heap:
 PSYoungGen      total 293376K, used 29694K [0x000000076ab00000, 0x0000000790d00000, 0x00000007c0000000)
  eden space 263680K, 0% used [0x000000076ab00000,0x000000076ab00000,0x000000077ac80000)
  from space 29696K, 99% used [0x000000077ac80000,0x000000077c97fba8,0x000000077c980000)
  to   space 48640K, 0% used [0x000000078dd80000,0x000000078dd80000,0x0000000790d00000)
 ParOldGen       total 87552K, used 80339K [0x00000006c0000000, 0x00000006c5580000, 0x000000076ab00000)
  object space 87552K, 91% used [0x00000006c0000000,0x00000006c4e74e58,0x00000006c5580000)
 Metaspace       used 6628K, capacity 7256K, committed 7424K, reserved 1056768K
  class space    used 638K, capacity 656K, committed 768K, reserved 1048576K
GC Heap History (10 events):
Event: 1.054 GC heap after
Heap after GC invocations=3 (full 0):
 PSYoungGen      total 71680K, used 5088K [0x000000076ab00000, 0x0000000773700000, 0x00000007c0000000)
  eden space 66560K, 0% used [0x000000076ab00000,0x000000076ab00000,0x000000076ec00000)
  from space 5120K, 99% used [0x000000076ec00000,0x000000076f0f8020,0x000000076f100000)
  to   space 5120K, 0% used [0x0000000773200000,0x0000000773200000,0x0000000773700000)
 ParOldGen       total 87552K, used 19456K [0x00000006c0000000, 0x00000006c5580000, 0x000000076ab00000)
  object space 87552K, 22% used [0x00000006c0000000,0x00000006c1300070,0x00000006c5580000)
 Metaspace       used 6262K, capacity 7128K, committed 7424K, reserved 1056768K
  class space    used 615K, capacity 656K, committed 768K, reserved 1048576K
}
Event: 1.207 GC heap before
{Heap before GC invocations=4 (full 0):
 PSYoungGen      total 71680K, used 71648K [0x000000076ab00000, 0x0000000773700000, 0x00000007c0000000)
  eden space 66560K, 100% used [0x000000076ab00000,0x000000076ec00000,0x000000076ec00000)
  from space 5120K, 99% used [0x000000076ec00000,0x000000076f0f8020,0x000000076f100000)
  to   space 5120K, 0% used [0x0000000773200000,0x0000000773200000,0x0000000773700000)
 ParOldGen       total 87552K, used 19456K [0x00000006c0000000, 0x00000006c5580000, 0x000000076ab00000)
  object space 87552K, 22% used [0x00000006c0000000,0x00000006c1300070,0x00000006c5580000)
 Metaspace       used 6275K, capacity 7128K, committed 7424K, reserved 1056768K
  class space    used 617K, capacity 656K, committed 768K, reserved 1048576K
Event: 1.237 GC heap after
Heap after GC invocations=4 (full 0):
 PSYoungGen      total 138240K, used 5090K [0x000000076ab00000, 0x0000000773700000, 0x00000007c0000000)
  eden space 133120K, 0% used [0x000000076ab00000,0x000000076ab00000,0x0000000772d00000)
  from space 5120K, 99% used [0x0000000773200000,0x00000007736f8ab0,0x0000000773700000)
  to   space 5120K, 0% used [0x0000000772d00000,0x0000000772d00000,0x0000000773200000)
 ParOldGen       total 87552K, used 30861K [0x00000006c0000000, 0x00000006c5580000, 0x000000076ab00000)
  object space 87552K, 35% used [0x00000006c0000000,0x00000006c1e236b8,0x00000006c5580000)
 Metaspace       used 6275K, capacity 7128K, committed 7424K, reserved 1056768K
  class space    used 617K, capacity 656K, committed 768K, reserved 1048576K
}
Event: 1.966 GC heap before
{Heap before GC invocations=5 (full 0):
 PSYoungGen      total 138240K, used 138210K [0x000000076ab00000, 0x0000000773700000, 0x00000007c0000000)
  eden space 133120K, 100% used [0x000000076ab00000,0x0000000772d00000,0x0000000772d00000)
  from space 5120K, 99% used [0x0000000773200000,0x00000007736f8ab0,0x0000000773700000)
  to   space 5120K, 0% used [0x0000000772d00000,0x0000000772d00000,0x0000000773200000)
 ParOldGen       total 87552K, used 30861K [0x00000006c0000000, 0x00000006c5580000, 0x000000076ab00000)
  object space 87552K, 35% used [0x00000006c0000000,0x00000006c1e236b8,0x00000006c5580000)
 Metaspace       used 6494K, capacity 7256K, committed 7424K, reserved 1056768K
  class space    used 617K, capacity 656K, committed 768K, reserved 1048576K
Event: 1.998 GC heap after
Heap after GC invocations=5 (full 0):
 PSYoungGen      total 138240K, used 5119K [0x000000076ab00000, 0x000000077e400000, 0x00000007c0000000)
  eden space 133120K, 0% used [0x000000076ab00000,0x000000076ab00000,0x0000000772d00000)
  from space 5120K, 99% used [0x0000000772d00000,0x00000007731ffe78,0x0000000773200000)
  to   space 27136K, 0% used [0x000000077c980000,0x000000077c980000,0x000000077e400000)
 ParOldGen       total 87552K, used 52480K [0x00000006c0000000, 0x00000006c5580000, 0x000000076ab00000)
  object space 87552K, 59% used [0x00000006c0000000,0x00000006c33400f0,0x00000006c5580000)
 Metaspace       used 6494K, capacity 7256K, committed 7424K, reserved 1056768K
  class space    used 617K, capacity 656K, committed 768K, reserved 1048576K
}
Event: 2.380 GC heap before
{Heap before GC invocations=6 (full 0):
 PSYoungGen      total 138240K, used 138239K [0x000000076ab00000, 0x000000077e400000, 0x00000007c0000000)
  eden space 133120K, 100% used [0x000000076ab00000,0x0000000772d00000,0x0000000772d00000)
  from space 5120K, 99% used [0x0000000772d00000,0x00000007731ffe78,0x0000000773200000)
  to   space 27136K, 0% used [0x000000077c980000,0x000000077c980000,0x000000077e400000)
 ParOldGen       total 87552K, used 52480K [0x00000006c0000000, 0x00000006c5580000, 0x000000076ab00000)
  object space 87552K, 59% used [0x00000006c0000000,0x00000006c33400f0,0x00000006c5580000)
 Metaspace       used 6588K, capacity 7256K, committed 7424K, reserved 1056768K
  class space    used 636K, capacity 656K, committed 768K, reserved 1048576K
Event: 2.436 GC heap after
Heap after GC invocations=6 (full 0):
 PSYoungGen      total 290816K, used 23549K [0x000000076ab00000, 0x000000077e900000, 0x00000007c0000000)
  eden space 263680K, 0% used [0x000000076ab00000,0x000000076ab00000,0x000000077ac80000)
  from space 27136K, 86% used [0x000000077c980000,0x000000077e07f5b0,0x000000077e400000)
  to   space 29696K, 0% used [0x000000077ac80000,0x000000077ac80000,0x000000077c980000)
 ParOldGen       total 87552K, used 52480K [0x00000006c0000000, 0x00000006c5580000, 0x000000076ab00000)
  object space 87552K, 59% used [0x00000006c0000000,0x00000006c33400f0,0x00000006c5580000)
 Metaspace       used 6588K, capacity 7256K, committed 7424K, reserved 1056768K
  class space    used 636K, capacity 656K, committed 768K, reserved 1048576K
}
Event: 3.317 GC heap before
{Heap before GC invocations=7 (full 0):
 PSYoungGen      total 290816K, used 287229K [0x000000076ab00000, 0x000000077e900000, 0x00000007c0000000)
  eden space 263680K, 100% used [0x000000076ab00000,0x000000077ac80000,0x000000077ac80000)
  from space 27136K, 86% used [0x000000077c980000,0x000000077e07f5b0,0x000000077e400000)
  to   space 29696K, 0% used [0x000000077ac80000,0x000000077ac80000,0x000000077c980000)
 ParOldGen       total 87552K, used 52480K [0x00000006c0000000, 0x00000006c5580000, 0x000000076ab00000)
  object space 87552K, 59% used [0x00000006c0000000,0x00000006c33400f0,0x00000006c5580000)
 Metaspace       used 6628K, capacity 7256K, committed 7424K, reserved 1056768K
  class space    used 638K, capacity 656K, committed 768K, reserved 1048576K
Event: 3.397 GC heap after
Heap after GC invocations=7 (full 0):
 PSYoungGen      total 293376K, used 29694K [0x000000076ab00000, 0x0000000790d00000, 0x00000007c0000000)
  eden space 263680K, 0% used [0x000000076ab00000,0x000000076ab00000,0x000000077ac80000)
  from space 29696K, 99% used [0x000000077ac80000,0x000000077c97fba8,0x000000077c980000)
  to   space 48640K, 0% used [0x000000078dd80000,0x000000078dd80000,0x0000000790d00000)
 ParOldGen       total 87552K, used 80339K [0x00000006c0000000, 0x00000006c5580000, 0x000000076ab00000)
  object space 87552K, 91% used [0x00000006c0000000,0x00000006c4e74e58,0x00000006c5580000)
 Metaspace       used 6628K, capacity 7256K, committed 7424K, reserved 1056768K
  class space    used 638K, capacity 656K, committed 768K, reserved 1048576K
}
Event: 3.397 GC heap before
{Heap before GC invocations=8 (full 1):
 PSYoungGen      total 293376K, used 29694K [0x000000076ab00000, 0x0000000790d00000, 0x00000007c0000000)
  eden space 263680K, 0% used [0x000000076ab00000,0x000000076ab00000,0x000000077ac80000)
  from space 29696K, 99% used [0x000000077ac80000,0x000000077c97fba8,0x000000077c980000)
  to   space 48640K, 0% used [0x000000078dd80000,0x000000078dd80000,0x0000000790d00000)
 ParOldGen       total 87552K, used 80339K [0x00000006c0000000, 0x00000006c5580000, 0x000000076ab00000)
  object space 87552K, 91% used [0x00000006c0000000,0x00000006c4e74e58,0x00000006c5580000)
 Metaspace       used 6628K, capacity 7256K, committed 7424K, reserved 1056768K
  class space    used 638K, capacity 656K, committed 768K, reserved 1048576K

