# JRE version: Java(TM) SE Runtime Environment (8.0_144-b01) (build 1.8.0_144-b01)
# Java VM: Java HotSpot(TM) 64-Bit Server VM (25.144-b01 mixed mode windows-amd64 compressed oops)
Heap:
 PSYoungGen      total 931840K, used 755177K [0x000000076ab00000, 0x00000007c0000000, 0x00000007c0000000)
  eden space 465920K, 100% used [0x000000076ab00000,0x0000000787200000,0x0000000787200000)
  from space 465920K, 62% used [0x0000000787200000,0x0000000798c7a798,0x00000007a3900000)
  to   space 465920K, 16% used [0x00000007a3900000,0x00000007a8414378,0x00000007c0000000)
 ParOldGen       total 2796544K, used 829516K [0x00000006c0000000, 0x000000076ab00000, 0x000000076ab00000)
  object space 2796544K, 29% used [0x00000006c0000000,0x00000006f2a151a8,0x000000076ab00000)
 Metaspace       used 7137K, capacity 7704K, committed 7936K, reserved 1056768K
  class space    used 665K, capacity 720K, committed 768K, reserved 1048576K
GC Heap History (10 events):
Event: 28.008 GC heap after
Heap after GC invocations=24 (full 5):
 PSYoungGen      total 1055232K, used 293085K [0x000000076ab00000, 0x00000007c0000000, 0x00000007c0000000)
  eden space 761856K, 0% used [0x000000076ab00000,0x000000076ab00000,0x0000000799300000)
  from space 293376K, 99% used [0x0000000799300000,0x00000007ab1377e8,0x00000007ab180000)
  to   space 342528K, 0% used [0x00000007ab180000,0x00000007ab180000,0x00000007c0000000)
 ParOldGen       total 1065984K, used 730330K [0x00000006c0000000, 0x0000000701100000, 0x000000076ab00000)
  object space 1065984K, 68% used [0x00000006c0000000,0x00000006ec936b20,0x0000000701100000)
 Metaspace       used 6726K, capacity 7320K, committed 7680K, reserved 1056768K
  class space    used 643K, capacity 656K, committed 768K, reserved 1048576K
}
Event: 29.324 GC heap before
{Heap before GC invocations=25 (full 5):
 PSYoungGen      total 1055232K, used 1054941K [0x000000076ab00000, 0x00000007c0000000, 0x00000007c0000000)
  eden space 761856K, 100% used [0x000000076ab00000,0x0000000799300000,0x0000000799300000)
  from space 293376K, 99% used [0x0000000799300000,0x00000007ab1377e8,0x00000007ab180000)
  to   space 342528K, 0% used [0x00000007ab180000,0x00000007ab180000,0x00000007c0000000)
 ParOldGen       total 1065984K, used 730330K [0x00000006c0000000, 0x0000000701100000, 0x000000076ab00000)
  object space 1065984K, 68% used [0x00000006c0000000,0x00000006ec936b20,0x0000000701100000)
 Metaspace       used 6726K, capacity 7320K, committed 7680K, reserved 1056768K
  class space    used 643K, capacity 656K, committed 768K, reserved 1048576K
Event: 29.514 GC heap after
Heap after GC invocations=25 (full 5):
 PSYoungGen      total 972288K, used 263848K [0x000000076ab00000, 0x00000007c0000000, 0x00000007c0000000)
  eden space 629760K, 0% used [0x000000076ab00000,0x000000076ab00000,0x0000000791200000)
  from space 342528K, 77% used [0x00000007ab180000,0x00000007bb32a038,0x00000007c0000000)
  to   space 384000K, 0% used [0x0000000791200000,0x0000000791200000,0x00000007a8900000)
 ParOldGen       total 1065984K, used 730330K [0x00000006c0000000, 0x0000000701100000, 0x000000076ab00000)
  object space 1065984K, 68% used [0x00000006c0000000,0x00000006ec936b20,0x0000000701100000)
 Metaspace       used 6726K, capacity 7320K, committed 7680K, reserved 1056768K
  class space    used 643K, capacity 656K, committed 768K, reserved 1048576K
}
Event: 30.411 GC heap before
{Heap before GC invocations=26 (full 5):
 PSYoungGen      total 972288K, used 893608K [0x000000076ab00000, 0x00000007c0000000, 0x00000007c0000000)
  eden space 629760K, 100% used [0x000000076ab00000,0x0000000791200000,0x0000000791200000)
  from space 342528K, 77% used [0x00000007ab180000,0x00000007bb32a038,0x00000007c0000000)
  to   space 384000K, 0% used [0x0000000791200000,0x0000000791200000,0x00000007a8900000)
 ParOldGen       total 1065984K, used 730330K [0x00000006c0000000, 0x0000000701100000, 0x000000076ab00000)
  object space 1065984K, 68% used [0x00000006c0000000,0x00000006ec936b20,0x0000000701100000)
 Metaspace       used 6727K, capacity 7320K, committed 7680K, reserved 1056768K
  class space    used 643K, capacity 656K, committed 768K, reserved 1048576K
Event: 30.639 GC heap after
Heap after GC invocations=26 (full 5):
 PSYoungGen      total 937472K, used 307250K [0x000000076ab00000, 0x00000007c0000000, 0x00000007c0000000)
  eden space 629760K, 0% used [0x000000076ab00000,0x000000076ab00000,0x0000000791200000)
  from space 307712K, 99% used [0x0000000791200000,0x00000007a3e0c908,0x00000007a3e80000)
  to   space 417792K, 0% used [0x00000007a6800000,0x00000007a6800000,0x00000007c0000000)
 ParOldGen       total 1065984K, used 730330K [0x00000006c0000000, 0x0000000701100000, 0x000000076ab00000)
  object space 1065984K, 68% used [0x00000006c0000000,0x00000006ec936b20,0x0000000701100000)
 Metaspace       used 6727K, capacity 7320K, committed 7680K, reserved 1056768K
  class space    used 643K, capacity 656K, committed 768K, reserved 1048576K
}
Event: 32.073 GC heap before
{Heap before GC invocations=27 (full 5):
 PSYoungGen      total 937472K, used 937010K [0x000000076ab00000, 0x00000007c0000000, 0x00000007c0000000)
  eden space 629760K, 100% used [0x000000076ab00000,0x0000000791200000,0x0000000791200000)
  from space 307712K, 99% used [0x0000000791200000,0x00000007a3e0c908,0x00000007a3e80000)
  to   space 417792K, 0% used [0x00000007a6800000,0x00000007a6800000,0x00000007c0000000)
 ParOldGen       total 1065984K, used 730330K [0x00000006c0000000, 0x0000000701100000, 0x000000076ab00000)
  object space 1065984K, 68% used [0x00000006c0000000,0x00000006ec936b20,0x0000000701100000)
 Metaspace       used 6844K, capacity 7416K, committed 7680K, reserved 1056768K
  class space    used 651K, capacity 688K, committed 768K, reserved 1048576K
Event: 32.412 GC heap after
Heap after GC invocations=27 (full 5):
 PSYoungGen      total 883712K, used 402940K [0x000000076ab00000, 0x00000007c0000000, 0x00000007c0000000)
  eden space 465920K, 0% used [0x000000076ab00000,0x000000076ab00000,0x0000000787200000)
  from space 417792K, 96% used [0x00000007a6800000,0x00000007bf17f130,0x00000007c0000000)
  to   space 465920K, 0% used [0x0000000787200000,0x0000000787200000,0x00000007a3900000)
 ParOldGen       total 1065984K, used 730338K [0x00000006c0000000, 0x0000000701100000, 0x000000076ab00000)
  object space 1065984K, 68% used [0x00000006c0000000,0x00000006ec938b20,0x0000000701100000)
 Metaspace       used 6844K, capacity 7416K, committed 7680K, reserved 1056768K
  class space    used 651K, capacity 688K, committed 768K, reserved 1048576K
}
Event: 33.998 GC heap before
{Heap before GC invocations=28 (full 5):
 PSYoungGen      total 883712K, used 868860K [0x000000076ab00000, 0x00000007c0000000, 0x00000007c0000000)
  eden space 465920K, 100% used [0x000000076ab00000,0x0000000787200000,0x0000000787200000)
  from space 417792K, 96% used [0x00000007a6800000,0x00000007bf17f130,0x00000007c0000000)
  to   space 465920K, 0% used [0x0000000787200000,0x0000000787200000,0x00000007a3900000)
 ParOldGen       total 1065984K, used 730338K [0x00000006c0000000, 0x0000000701100000, 0x000000076ab00000)
  object space 1065984K, 68% used [0x00000006c0000000,0x00000006ec938b20,0x0000000701100000)
 Metaspace       used 7134K, capacity 7704K, committed 7936K, reserved 1056768K
  class space    used 664K, capacity 720K, committed 768K, reserved 1048576K
Event: 34.401 GC heap after
Heap after GC invocations=28 (full 5):
 PSYoungGen      total 931840K, used 289257K [0x000000076ab00000, 0x00000007c0000000, 0x00000007c0000000)
  eden space 465920K, 0% used [0x000000076ab00000,0x000000076ab00000,0x0000000787200000)
  from space 465920K, 62% used [0x0000000787200000,0x0000000798c7a798,0x00000007a3900000)
  to   space 465920K, 0% used [0x00000007a3900000,0x00000007a3900000,0x00000007c0000000)
 ParOldGen       total 1065984K, used 797107K [0x00000006c0000000, 0x0000000701100000, 0x000000076ab00000)
  object space 1065984K, 74% used [0x00000006c0000000,0x00000006f0a6cd50,0x0000000701100000)
 Metaspace       used 7134K, capacity 7704K, committed 7936K, reserved 1056768K
  class space    used 664K, capacity 720K, committed 768K, reserved 1048576K
}
Event: 35.025 GC heap before
{Heap before GC invocations=29 (full 5):
 PSYoungGen      total 931840K, used 755177K [0x000000076ab00000, 0x00000007c0000000, 0x00000007c0000000)
  eden space 465920K, 100% used [0x000000076ab00000,0x0000000787200000,0x0000000787200000)
  from space 465920K, 62% used [0x0000000787200000,0x0000000798c7a798,0x00000007a3900000)
  to   space 465920K, 0% used [0x00000007a3900000,0x00000007a3900000,0x00000007c0000000)
 ParOldGen       total 1065984K, used 797107K [0x00000006c0000000, 0x0000000701100000, 0x000000076ab00000)
  object space 1065984K, 74% used [0x00000006c0000000,0x00000006f0a6cd50,0x0000000701100000)
 Metaspace       used 7137K, capacity 7704K, committed 7936K, reserved 1056768K
  class space    used 665K, capacity 720K, committed 768K, reserved 1048576K

