# JRE version: Java(TM) SE Runtime Environment (8.0_144-b01) (build 1.8.0_144-b01)
# Java VM: Java HotSpot(TM) 64-Bit Server VM (25.144-b01 mixed mode windows-amd64 compressed oops)
Heap:
 PSYoungGen      total 722944K, used 722941K [0x000000076ab00000, 0x00000007aa780000, 0x00000007c0000000)
  eden space 589312K, 100% used [0x000000076ab00000,0x000000078ea80000,0x000000078ea80000)
  from space 133632K, 99% used [0x000000078ea80000,0x0000000796cff4f0,0x0000000796d00000)
  to   space 174592K, 89% used [0x000000079fd00000,0x00000007a95d5068,0x00000007aa780000)
 ParOldGen       total 2588672K, used 2564851K [0x00000006c0000000, 0x000000075e000000, 0x000000076ab00000)
  object space 2588672K, 99% used [0x00000006c0000000,0x000000075c8bccf0,0x000000075e000000)
 Metaspace       used 6751K, capacity 7320K, committed 7680K, reserved 1056768K
  class space    used 642K, capacity 656K, committed 768K, reserved 1048576K
GC Heap History (10 events):
Event: 9.586 GC heap after
Heap after GC invocations=14 (full 3):
 PSYoungGen      total 565760K, used 0K [0x000000076ab00000, 0x0000000797e00000, 0x00000007c0000000)
  eden space 468992K, 0% used [0x000000076ab00000,0x000000076ab00000,0x0000000787500000)
  from space 96768K, 0% used [0x0000000787500000,0x0000000787500000,0x000000078d380000)
  to   space 97280K, 0% used [0x0000000791f00000,0x0000000791f00000,0x0000000797e00000)
 ParOldGen       total 491008K, used 301415K [0x00000006c0000000, 0x00000006ddf80000, 0x000000076ab00000)
  object space 491008K, 61% used [0x00000006c0000000,0x00000006d2659f18,0x00000006ddf80000)
 Metaspace       used 6731K, capacity 7320K, committed 7680K, reserved 1056768K
  class space    used 640K, capacity 656K, committed 768K, reserved 1048576K
}
Event: 10.651 GC heap before
{Heap before GC invocations=15 (full 3):
 PSYoungGen      total 565760K, used 468992K [0x000000076ab00000, 0x0000000797e00000, 0x00000007c0000000)
  eden space 468992K, 100% used [0x000000076ab00000,0x0000000787500000,0x0000000787500000)
  from space 96768K, 0% used [0x0000000787500000,0x0000000787500000,0x000000078d380000)
  to   space 97280K, 0% used [0x0000000791f00000,0x0000000791f00000,0x0000000797e00000)
 ParOldGen       total 491008K, used 301415K [0x00000006c0000000, 0x00000006ddf80000, 0x000000076ab00000)
  object space 491008K, 61% used [0x00000006c0000000,0x00000006d2659f18,0x00000006ddf80000)
 Metaspace       used 6736K, capacity 7320K, committed 7680K, reserved 1056768K
  class space    used 640K, capacity 656K, committed 768K, reserved 1048576K
Event: 10.716 GC heap after
Heap after GC invocations=15 (full 3):
 PSYoungGen      total 613376K, used 55408K [0x000000076ab00000, 0x0000000796f80000, 0x00000007c0000000)
  eden space 530944K, 0% used [0x000000076ab00000,0x000000076ab00000,0x000000078b180000)
  from space 82432K, 67% used [0x0000000791f00000,0x000000079551c240,0x0000000796f80000)
  to   space 97280K, 0% used [0x000000078b180000,0x000000078b180000,0x0000000791080000)
 ParOldGen       total 491008K, used 301423K [0x00000006c0000000, 0x00000006ddf80000, 0x000000076ab00000)
  object space 491008K, 61% used [0x00000006c0000000,0x00000006d265bf18,0x00000006ddf80000)
 Metaspace       used 6736K, capacity 7320K, committed 7680K, reserved 1056768K
  class space    used 640K, capacity 656K, committed 768K, reserved 1048576K
}
Event: 11.841 GC heap before
{Heap before GC invocations=16 (full 3):
 PSYoungGen      total 613376K, used 586352K [0x000000076ab00000, 0x0000000796f80000, 0x00000007c0000000)
  eden space 530944K, 100% used [0x000000076ab00000,0x000000078b180000,0x000000078b180000)
  from space 82432K, 67% used [0x0000000791f00000,0x000000079551c240,0x0000000796f80000)
  to   space 97280K, 0% used [0x000000078b180000,0x000000078b180000,0x0000000791080000)
 ParOldGen       total 491008K, used 301423K [0x00000006c0000000, 0x00000006ddf80000, 0x000000076ab00000)
  object space 491008K, 61% used [0x00000006c0000000,0x00000006d265bf18,0x00000006ddf80000)
 Metaspace       used 6740K, capacity 7320K, committed 7680K, reserved 1056768K
  class space    used 641K, capacity 656K, committed 768K, reserved 1048576K
Event: 11.953 GC heap after
Heap after GC invocations=16 (full 3):
 PSYoungGen      total 628224K, used 97261K [0x000000076ab00000, 0x000000079e000000, 0x00000007c0000000)
  eden space 530944K, 0% used [0x000000076ab00000,0x000000076ab00000,0x000000078b180000)
  from space 97280K, 99% used [0x000000078b180000,0x000000079107b4c8,0x0000000791080000)
  to   space 117760K, 0% used [0x0000000796d00000,0x0000000796d00000,0x000000079e000000)
 ParOldGen       total 491008K, used 316486K [0x00000006c0000000, 0x00000006ddf80000, 0x000000076ab00000)
  object space 491008K, 64% used [0x00000006c0000000,0x00000006d3511848,0x00000006ddf80000)
 Metaspace       used 6740K, capacity 7320K, committed 7680K, reserved 1056768K
  class space    used 641K, capacity 656K, committed 768K, reserved 1048576K
}
Event: 12.902 GC heap before
{Heap before GC invocations=17 (full 3):
 PSYoungGen      total 628224K, used 628205K [0x000000076ab00000, 0x000000079e000000, 0x00000007c0000000)
  eden space 530944K, 100% used [0x000000076ab00000,0x000000078b180000,0x000000078b180000)
  from space 97280K, 99% used [0x000000078b180000,0x000000079107b4c8,0x0000000791080000)
  to   space 117760K, 0% used [0x0000000796d00000,0x0000000796d00000,0x000000079e000000)
 ParOldGen       total 491008K, used 316486K [0x00000006c0000000, 0x00000006ddf80000, 0x000000076ab00000)
  object space 491008K, 64% used [0x00000006c0000000,0x00000006d3511848,0x00000006ddf80000)
 Metaspace       used 6740K, capacity 7320K, committed 7680K, reserved 1056768K
  class space    used 641K, capacity 656K, committed 768K, reserved 1048576K
Event: 13.060 GC heap after
Heap after GC invocations=17 (full 3):
 PSYoungGen      total 707072K, used 110958K [0x000000076ab00000, 0x00000007a0b80000, 0x00000007c0000000)
  eden space 589312K, 0% used [0x000000076ab00000,0x000000076ab00000,0x000000078ea80000)
  from space 117760K, 94% used [0x0000000796d00000,0x000000079d95b858,0x000000079e000000)
  to   space 133632K, 0% used [0x000000078ea80000,0x000000078ea80000,0x0000000796d00000)
 ParOldGen       total 491008K, used 356711K [0x00000006c0000000, 0x00000006ddf80000, 0x000000076ab00000)
  object space 491008K, 72% used [0x00000006c0000000,0x00000006d5c59db8,0x00000006ddf80000)
 Metaspace       used 6740K, capacity 7320K, committed 7680K, reserved 1056768K
  class space    used 641K, capacity 656K, committed 768K, reserved 1048576K
}
Event: 14.129 GC heap before
{Heap before GC invocations=18 (full 3):
 PSYoungGen      total 707072K, used 700270K [0x000000076ab00000, 0x00000007a0b80000, 0x00000007c0000000)
  eden space 589312K, 100% used [0x000000076ab00000,0x000000078ea80000,0x000000078ea80000)
  from space 117760K, 94% used [0x0000000796d00000,0x000000079d95b858,0x000000079e000000)
  to   space 133632K, 0% used [0x000000078ea80000,0x000000078ea80000,0x0000000796d00000)
 ParOldGen       total 491008K, used 356711K [0x00000006c0000000, 0x00000006ddf80000, 0x000000076ab00000)
  object space 491008K, 72% used [0x00000006c0000000,0x00000006d5c59db8,0x00000006ddf80000)
 Metaspace       used 6748K, capacity 7320K, committed 7680K, reserved 1056768K
  class space    used 642K, capacity 656K, committed 768K, reserved 1048576K
Event: 14.313 GC heap after
Heap after GC invocations=18 (full 3):
 PSYoungGen      total 722944K, used 133629K [0x000000076ab00000, 0x00000007aa780000, 0x00000007c0000000)
  eden space 589312K, 0% used [0x000000076ab00000,0x000000076ab00000,0x000000078ea80000)
  from space 133632K, 99% used [0x000000078ea80000,0x0000000796cff4f0,0x0000000796d00000)
  to   space 174592K, 0% used [0x000000079fd00000,0x000000079fd00000,0x00000007aa780000)
 ParOldGen       total 491008K, used 410135K [0x00000006c0000000, 0x00000006ddf80000, 0x000000076ab00000)
  object space 491008K, 83% used [0x00000006c0000000,0x00000006d9085fd0,0x00000006ddf80000)
 Metaspace       used 6748K, capacity 7320K, committed 7680K, reserved 1056768K
  class space    used 642K, capacity 656K, committed 768K, reserved 1048576K
}
Event: 15.435 GC heap before
{Heap before GC invocations=19 (full 3):
 PSYoungGen      total 722944K, used 722941K [0x000000076ab00000, 0x00000007aa780000, 0x00000007c0000000)
  eden space 589312K, 100% used [0x000000076ab00000,0x000000078ea80000,0x000000078ea80000)
  from space 133632K, 99% used [0x000000078ea80000,0x0000000796cff4f0,0x0000000796d00000)
  to   space 174592K, 0% used [0x000000079fd00000,0x000000079fd00000,0x00000007aa780000)
 ParOldGen       total 491008K, used 410135K [0x00000006c0000000, 0x00000006ddf80000, 0x000000076ab00000)
  object space 491008K, 83% used [0x00000006c0000000,0x00000006d9085fd0,0x00000006ddf80000)
 Metaspace       used 6751K, capacity 7320K, committed 7680K, reserved 1056768K
  class space    used 642K, capacity 656K, committed 768K, reserved 1048576K

