# JRE version: Java(TM) SE Runtime Environment (8.0_144-b01) (build 1.8.0_144-b01)
# Java VM: Java HotSpot(TM) 64-Bit Server VM (25.144-b01 mixed mode windows-amd64 compressed oops)
Heap:
 PSYoungGen      total 683008K, used 683001K [0x000000076ab00000, 0x000000079d780000, 0x00000007c0000000)
  eden space 584192K, 100% used [0x000000076ab00000,0x000000078e580000,0x000000078e580000)
  from space 98816K, 99% used [0x0000000795900000,0x000000079b97e468,0x000000079b980000)
  to   space 118272K, 68% used [0x000000078e580000,0x00000007934516c8,0x0000000795900000)
 ParOldGen       total 2417152K, used 2416676K [0x00000006c0000000, 0x0000000753880000, 0x000000076ab00000)
  object space 2417152K, 99% used [0x00000006c0000000,0x0000000753809398,0x0000000753880000)
 Metaspace       used 6718K, capacity 7320K, committed 7680K, reserved 1056768K
  class space    used 642K, capacity 656K, committed 768K, reserved 1048576K
GC Heap History (10 events):
Event: 5.880 GC heap after
Heap after GC invocations=10 (full 1):
 PSYoungGen      total 562176K, used 46032K [0x000000076ab00000, 0x0000000791880000, 0x00000007c0000000)
  eden space 501760K, 0% used [0x000000076ab00000,0x000000076ab00000,0x0000000789500000)
  from space 60416K, 76% used [0x0000000789500000,0x000000078c1f4070,0x000000078d000000)
  to   space 64512K, 0% used [0x000000078d980000,0x000000078d980000,0x0000000791880000)
 ParOldGen       total 169472K, used 97504K [0x00000006c0000000, 0x00000006ca580000, 0x000000076ab00000)
  object space 169472K, 57% used [0x00000006c0000000,0x00000006c5f38170,0x00000006ca580000)
 Metaspace       used 6671K, capacity 7256K, committed 7424K, reserved 1056768K
  class space    used 641K, capacity 656K, committed 768K, reserved 1048576K
}
Event: 7.808 GC heap before
{Heap before GC invocations=11 (full 1):
 PSYoungGen      total 562176K, used 547792K [0x000000076ab00000, 0x0000000791880000, 0x00000007c0000000)
  eden space 501760K, 100% used [0x000000076ab00000,0x0000000789500000,0x0000000789500000)
  from space 60416K, 76% used [0x0000000789500000,0x000000078c1f4070,0x000000078d000000)
  to   space 64512K, 0% used [0x000000078d980000,0x000000078d980000,0x0000000791880000)
 ParOldGen       total 169472K, used 97504K [0x00000006c0000000, 0x00000006ca580000, 0x000000076ab00000)
  object space 169472K, 57% used [0x00000006c0000000,0x00000006c5f38170,0x00000006ca580000)
 Metaspace       used 6690K, capacity 7320K, committed 7680K, reserved 1056768K
  class space    used 641K, capacity 656K, committed 768K, reserved 1048576K
Event: 7.957 GC heap after
Heap after GC invocations=11 (full 1):
 PSYoungGen      total 541184K, used 64488K [0x000000076ab00000, 0x000000079f700000, 0x00000007c0000000)
  eden space 476672K, 0% used [0x000000076ab00000,0x000000076ab00000,0x0000000787c80000)
  from space 64512K, 99% used [0x000000078d980000,0x000000079187a020,0x0000000791880000)
  to   space 95232K, 0% used [0x0000000787c80000,0x0000000787c80000,0x000000078d980000)
 ParOldGen       total 169472K, used 154268K [0x00000006c0000000, 0x00000006ca580000, 0x000000076ab00000)
  object space 169472K, 91% used [0x00000006c0000000,0x00000006c96a70c0,0x00000006ca580000)
 Metaspace       used 6690K, capacity 7320K, committed 7680K, reserved 1056768K
  class space    used 641K, capacity 656K, committed 768K, reserved 1048576K
}
Event: 7.957 GC heap before
{Heap before GC invocations=12 (full 2):
 PSYoungGen      total 541184K, used 64488K [0x000000076ab00000, 0x000000079f700000, 0x00000007c0000000)
  eden space 476672K, 0% used [0x000000076ab00000,0x000000076ab00000,0x0000000787c80000)
  from space 64512K, 99% used [0x000000078d980000,0x000000079187a020,0x0000000791880000)
  to   space 95232K, 0% used [0x0000000787c80000,0x0000000787c80000,0x000000078d980000)
 ParOldGen       total 169472K, used 154268K [0x00000006c0000000, 0x00000006ca580000, 0x000000076ab00000)
  object space 169472K, 91% used [0x00000006c0000000,0x00000006c96a70c0,0x00000006ca580000)
 Metaspace       used 6690K, capacity 7320K, committed 7680K, reserved 1056768K
  class space    used 641K, capacity 656K, committed 768K, reserved 1048576K
Event: 9.019 GC heap after
Heap after GC invocations=12 (full 2):
 PSYoungGen      total 541184K, used 42112K [0x000000076ab00000, 0x000000079f700000, 0x00000007c0000000)
  eden space 476672K, 0% used [0x000000076ab00000,0x000000076ab00000,0x0000000787c80000)
  from space 64512K, 65% used [0x000000078d980000,0x00000007902a0290,0x0000000791880000)
  to   space 95232K, 0% used [0x0000000787c80000,0x0000000787c80000,0x000000078d980000)
 ParOldGen       total 291328K, used 169059K [0x00000006c0000000, 0x00000006d1c80000, 0x000000076ab00000)
  object space 291328K, 58% used [0x00000006c0000000,0x00000006ca518fc8,0x00000006d1c80000)
 Metaspace       used 6690K, capacity 7320K, committed 7680K, reserved 1056768K
  class space    used 641K, capacity 656K, committed 768K, reserved 1048576K
}
Event: 10.882 GC heap before
{Heap before GC invocations=13 (full 2):
 PSYoungGen      total 541184K, used 518784K [0x000000076ab00000, 0x000000079f700000, 0x00000007c0000000)
  eden space 476672K, 100% used [0x000000076ab00000,0x0000000787c80000,0x0000000787c80000)
  from space 64512K, 65% used [0x000000078d980000,0x00000007902a0290,0x0000000791880000)
  to   space 95232K, 0% used [0x0000000787c80000,0x0000000787c80000,0x000000078d980000)
 ParOldGen       total 291328K, used 169059K [0x00000006c0000000, 0x00000006d1c80000, 0x000000076ab00000)
  object space 291328K, 58% used [0x00000006c0000000,0x00000006ca518fc8,0x00000006d1c80000)
 Metaspace       used 6703K, capacity 7320K, committed 7680K, reserved 1056768K
  class space    used 641K, capacity 656K, committed 768K, reserved 1048576K
Event: 11.024 GC heap after
Heap after GC invocations=13 (full 2):
 PSYoungGen      total 571904K, used 63101K [0x000000076ab00000, 0x000000079b980000, 0x00000007c0000000)
  eden space 476672K, 0% used [0x000000076ab00000,0x000000076ab00000,0x0000000787c80000)
  from space 95232K, 66% used [0x0000000787c80000,0x000000078ba1f758,0x000000078d980000)
  to   space 98816K, 0% used [0x0000000795900000,0x0000000795900000,0x000000079b980000)
 ParOldGen       total 291328K, used 211153K [0x00000006c0000000, 0x00000006d1c80000, 0x000000076ab00000)
  object space 291328K, 72% used [0x00000006c0000000,0x00000006cce347c8,0x00000006d1c80000)
 Metaspace       used 6703K, capacity 7320K, committed 7680K, reserved 1056768K
  class space    used 641K, capacity 656K, committed 768K, reserved 1048576K
}
Event: 12.019 GC heap before
{Heap before GC invocations=14 (full 2):
 PSYoungGen      total 571904K, used 539773K [0x000000076ab00000, 0x000000079b980000, 0x00000007c0000000)
  eden space 476672K, 100% used [0x000000076ab00000,0x0000000787c80000,0x0000000787c80000)
  from space 95232K, 66% used [0x0000000787c80000,0x000000078ba1f758,0x000000078d980000)
  to   space 98816K, 0% used [0x0000000795900000,0x0000000795900000,0x000000079b980000)
 ParOldGen       total 291328K, used 211153K [0x00000006c0000000, 0x00000006d1c80000, 0x000000076ab00000)
  object space 291328K, 72% used [0x00000006c0000000,0x00000006cce347c8,0x00000006d1c80000)
 Metaspace       used 6706K, capacity 7320K, committed 7680K, reserved 1056768K
  class space    used 642K, capacity 656K, committed 768K, reserved 1048576K
Event: 12.111 GC heap after
Heap after GC invocations=14 (full 2):
 PSYoungGen      total 683008K, used 98809K [0x000000076ab00000, 0x000000079d780000, 0x00000007c0000000)
  eden space 584192K, 0% used [0x000000076ab00000,0x000000076ab00000,0x000000078e580000)
  from space 98816K, 99% used [0x0000000795900000,0x000000079b97e468,0x000000079b980000)
  to   space 118272K, 0% used [0x000000078e580000,0x000000078e580000,0x0000000795900000)
 ParOldGen       total 291328K, used 220978K [0x00000006c0000000, 0x00000006d1c80000, 0x000000076ab00000)
  object space 291328K, 75% used [0x00000006c0000000,0x00000006cd7cc9d8,0x00000006d1c80000)
 Metaspace       used 6706K, capacity 7320K, committed 7680K, reserved 1056768K
  class space    used 642K, capacity 656K, committed 768K, reserved 1048576K
}
Event: 13.236 GC heap before
{Heap before GC invocations=15 (full 2):
 PSYoungGen      total 683008K, used 683001K [0x000000076ab00000, 0x000000079d780000, 0x00000007c0000000)
  eden space 584192K, 100% used [0x000000076ab00000,0x000000078e580000,0x000000078e580000)
  from space 98816K, 99% used [0x0000000795900000,0x000000079b97e468,0x000000079b980000)
  to   space 118272K, 0% used [0x000000078e580000,0x000000078e580000,0x0000000795900000)
 ParOldGen       total 291328K, used 220978K [0x00000006c0000000, 0x00000006d1c80000, 0x000000076ab00000)
  object space 291328K, 75% used [0x00000006c0000000,0x00000006cd7cc9d8,0x00000006d1c80000)
 Metaspace       used 6718K, capacity 7320K, committed 7680K, reserved 1056768K
  class space    used 642K, capacity 656K, committed 768K, reserved 1048576K

